<?xml version="1.0" encoding="UTF-8" ?>
<testsuite tests="660" failures="0" name="org.xidea.el.test.AutoELTest" time="0.029" errors="0" skipped="0">
  <properties>
    <property name="java.runtime.name" value="Java(TM) SE Runtime Environment"/>
    <property name="sun.boot.library.path" value="/Library/Java/JavaVirtualMachines/jdk1.8.0_05.jdk/Contents/Home/jre/lib"/>
    <property name="java.vm.version" value="25.5-b02"/>
    <property name="gopherProxySet" value="false"/>
    <property name="java.vm.vendor" value="Oracle Corporation"/>
    <property name="maven.multiModuleProjectDirectory" value="/Users/jinjinyun/Documents/workspace/node_modules/js-el"/>
    <property name="java.vendor.url" value="http://java.oracle.com/"/>
    <property name="path.separator" value=":"/>
    <property name="guice.disable.misplaced.annotation.check" value="true"/>
    <property name="java.vm.name" value="Java HotSpot(TM) 64-Bit Server VM"/>
    <property name="file.encoding.pkg" value="sun.io"/>
    <property name="user.country" value="CN"/>
    <property name="sun.java.launcher" value="SUN_STANDARD"/>
    <property name="sun.os.patch.level" value="unknown"/>
    <property name="java.vm.specification.name" value="Java Virtual Machine Specification"/>
    <property name="user.dir" value="/Users/jinjinyun/Documents/workspace/node_modules/js-el"/>
    <property name="java.runtime.version" value="1.8.0_05-b13"/>
    <property name="java.awt.graphicsenv" value="sun.awt.CGraphicsEnvironment"/>
    <property name="java.endorsed.dirs" value="/Library/Java/JavaVirtualMachines/jdk1.8.0_05.jdk/Contents/Home/jre/lib/endorsed"/>
    <property name="os.arch" value="x86_64"/>
    <property name="java.io.tmpdir" value="/var/folders/gk/9w9d72g92v52z1nwps492tgm0000gn/T/"/>
    <property name="line.separator" value="
"/>
    <property name="java.vm.specification.vendor" value="Oracle Corporation"/>
    <property name="os.name" value="Mac OS X"/>
    <property name="classworlds.conf" value="/Applications/apache-maven-3.3.9/bin/m2.conf"/>
    <property name="sun.jnu.encoding" value="UTF-8"/>
    <property name="java.library.path" value="/Users/jinjinyun/Library/Java/Extensions:/Library/Java/Extensions:/Network/Library/Java/Extensions:/System/Library/Java/Extensions:/usr/lib/java:."/>
    <property name="java.specification.name" value="Java Platform API Specification"/>
    <property name="java.class.version" value="52.0"/>
    <property name="sun.management.compiler" value="HotSpot 64-Bit Tiered Compilers"/>
    <property name="os.version" value="10.11.2"/>
    <property name="http.nonProxyHosts" value="local„ÄÅ169.254/16|*.local„ÄÅ169.254/16"/>
    <property name="user.home" value="/Users/jinjinyun"/>
    <property name="user.timezone" value="Asia/Harbin"/>
    <property name="java.awt.printerjob" value="sun.lwawt.macosx.CPrinterJob"/>
    <property name="java.specification.version" value="1.8"/>
    <property name="file.encoding" value="UTF-8"/>
    <property name="user.name" value="jinjinyun"/>
    <property name="java.class.path" value="/Applications/apache-maven-3.3.9/boot/plexus-classworlds-2.5.2.jar"/>
    <property name="java.vm.specification.version" value="1.8"/>
    <property name="sun.arch.data.model" value="64"/>
    <property name="java.home" value="/Library/Java/JavaVirtualMachines/jdk1.8.0_05.jdk/Contents/Home/jre"/>
    <property name="sun.java.command" value="org.codehaus.plexus.classworlds.launcher.Launcher -e clean deploy -P release"/>
    <property name="java.specification.vendor" value="Oracle Corporation"/>
    <property name="user.language" value="zh"/>
    <property name="awt.toolkit" value="sun.lwawt.macosx.LWCToolkit"/>
    <property name="java.vm.info" value="mixed mode"/>
    <property name="java.version" value="1.8.0_05"/>
    <property name="java.ext.dirs" value="/Users/jinjinyun/Library/Java/Extensions:/Library/Java/JavaVirtualMachines/jdk1.8.0_05.jdk/Contents/Home/jre/lib/ext:/Library/Java/Extensions:/Network/Library/Java/Extensions:/System/Library/Java/Extensions:/usr/lib/java"/>
    <property name="sun.boot.class.path" value="/Library/Java/JavaVirtualMachines/jdk1.8.0_05.jdk/Contents/Home/jre/lib/resources.jar:/Library/Java/JavaVirtualMachines/jdk1.8.0_05.jdk/Contents/Home/jre/lib/rt.jar:/Library/Java/JavaVirtualMachines/jdk1.8.0_05.jdk/Contents/Home/jre/lib/sunrsasign.jar:/Library/Java/JavaVirtualMachines/jdk1.8.0_05.jdk/Contents/Home/jre/lib/jsse.jar:/Library/Java/JavaVirtualMachines/jdk1.8.0_05.jdk/Contents/Home/jre/lib/jce.jar:/Library/Java/JavaVirtualMachines/jdk1.8.0_05.jdk/Contents/Home/jre/lib/charsets.jar:/Library/Java/JavaVirtualMachines/jdk1.8.0_05.jdk/Contents/Home/jre/lib/jfr.jar:/Library/Java/JavaVirtualMachines/jdk1.8.0_05.jdk/Contents/Home/jre/classes"/>
    <property name="java.vendor" value="Oracle Corporation"/>
    <property name="maven.home" value="/Applications/apache-maven-3.3.9"/>
    <property name="file.separator" value="/"/>
    <property name="java.vendor.url.bug" value="http://bugreport.sun.com/bugreport/"/>
    <property name="sun.cpu.endian" value="little"/>
    <property name="sun.io.unicode.encoding" value="UnicodeBig"/>
    <property name="socksNonProxyHosts" value="local„ÄÅ169.254/16|*.local„ÄÅ169.254/16"/>
    <property name="ftp.nonProxyHosts" value="local„ÄÅ169.254/16|*.local„ÄÅ169.254/16"/>
    <property name="sun.cpu.isalist" value=""/>
  </properties>
  <testcase classname="org.xidea.el.test.AutoELTest" name="testPhp[0]" time="0"/>
  <testcase classname="org.xidea.el.test.AutoELTest" name="testJava[0]" time="0"/>
  <testcase classname="org.xidea.el.test.AutoELTest" name="testJS[0]" time="0"/>
  <testcase classname="org.xidea.el.test.AutoELTest" name="testPhp[1]" time="0"/>
  <testcase classname="org.xidea.el.test.AutoELTest" name="testJava[1]" time="0"/>
  <testcase classname="org.xidea.el.test.AutoELTest" name="testJS[1]" time="0"/>
  <testcase classname="org.xidea.el.test.AutoELTest" name="testPhp[2]" time="0"/>
  <testcase classname="org.xidea.el.test.AutoELTest" name="testJava[2]" time="0"/>
  <testcase classname="org.xidea.el.test.AutoELTest" name="testJS[2]" time="0"/>
  <testcase classname="org.xidea.el.test.AutoELTest" name="testPhp[3]" time="0"/>
  <testcase classname="org.xidea.el.test.AutoELTest" name="testJava[3]" time="0"/>
  <testcase classname="org.xidea.el.test.AutoELTest" name="testJS[3]" time="0"/>
  <testcase classname="org.xidea.el.test.AutoELTest" name="testPhp[4]" time="0"/>
  <testcase classname="org.xidea.el.test.AutoELTest" name="testJava[4]" time="0"/>
  <testcase classname="org.xidea.el.test.AutoELTest" name="testJS[4]" time="0"/>
  <testcase classname="org.xidea.el.test.AutoELTest" name="testPhp[5]" time="0"/>
  <testcase classname="org.xidea.el.test.AutoELTest" name="testJava[5]" time="0"/>
  <testcase classname="org.xidea.el.test.AutoELTest" name="testJS[5]" time="0"/>
  <testcase classname="org.xidea.el.test.AutoELTest" name="testPhp[6]" time="0"/>
  <testcase classname="org.xidea.el.test.AutoELTest" name="testJava[6]" time="0"/>
  <testcase classname="org.xidea.el.test.AutoELTest" name="testJS[6]" time="0"/>
  <testcase classname="org.xidea.el.test.AutoELTest" name="testPhp[7]" time="0"/>
  <testcase classname="org.xidea.el.test.AutoELTest" name="testJava[7]" time="0"/>
  <testcase classname="org.xidea.el.test.AutoELTest" name="testJS[7]" time="0"/>
  <testcase classname="org.xidea.el.test.AutoELTest" name="testPhp[8]" time="0"/>
  <testcase classname="org.xidea.el.test.AutoELTest" name="testJava[8]" time="0"/>
  <testcase classname="org.xidea.el.test.AutoELTest" name="testJS[8]" time="0"/>
  <testcase classname="org.xidea.el.test.AutoELTest" name="testPhp[9]" time="0"/>
  <testcase classname="org.xidea.el.test.AutoELTest" name="testJava[9]" time="0"/>
  <testcase classname="org.xidea.el.test.AutoELTest" name="testJS[9]" time="0"/>
  <testcase classname="org.xidea.el.test.AutoELTest" name="testPhp[10]" time="0"/>
  <testcase classname="org.xidea.el.test.AutoELTest" name="testJava[10]" time="0"/>
  <testcase classname="org.xidea.el.test.AutoELTest" name="testJS[10]" time="0"/>
  <testcase classname="org.xidea.el.test.AutoELTest" name="testPhp[11]" time="0"/>
  <testcase classname="org.xidea.el.test.AutoELTest" name="testJava[11]" time="0"/>
  <testcase classname="org.xidea.el.test.AutoELTest" name="testJS[11]" time="0"/>
  <testcase classname="org.xidea.el.test.AutoELTest" name="testPhp[12]" time="0"/>
  <testcase classname="org.xidea.el.test.AutoELTest" name="testJava[12]" time="0"/>
  <testcase classname="org.xidea.el.test.AutoELTest" name="testJS[12]" time="0"/>
  <testcase classname="org.xidea.el.test.AutoELTest" name="testPhp[13]" time="0"/>
  <testcase classname="org.xidea.el.test.AutoELTest" name="testJava[13]" time="0"/>
  <testcase classname="org.xidea.el.test.AutoELTest" name="testJS[13]" time="0"/>
  <testcase classname="org.xidea.el.test.AutoELTest" name="testPhp[14]" time="0"/>
  <testcase classname="org.xidea.el.test.AutoELTest" name="testJava[14]" time="0.001"/>
  <testcase classname="org.xidea.el.test.AutoELTest" name="testJS[14]" time="0"/>
  <testcase classname="org.xidea.el.test.AutoELTest" name="testPhp[15]" time="0"/>
  <testcase classname="org.xidea.el.test.AutoELTest" name="testJava[15]" time="0"/>
  <testcase classname="org.xidea.el.test.AutoELTest" name="testJS[15]" time="0.001"/>
  <testcase classname="org.xidea.el.test.AutoELTest" name="testPhp[16]" time="0"/>
  <testcase classname="org.xidea.el.test.AutoELTest" name="testJava[16]" time="0"/>
  <testcase classname="org.xidea.el.test.AutoELTest" name="testJS[16]" time="0"/>
  <testcase classname="org.xidea.el.test.AutoELTest" name="testPhp[17]" time="0"/>
  <testcase classname="org.xidea.el.test.AutoELTest" name="testJava[17]" time="0"/>
  <testcase classname="org.xidea.el.test.AutoELTest" name="testJS[17]" time="0"/>
  <testcase classname="org.xidea.el.test.AutoELTest" name="testPhp[18]" time="0"/>
  <testcase classname="org.xidea.el.test.AutoELTest" name="testJava[18]" time="0"/>
  <testcase classname="org.xidea.el.test.AutoELTest" name="testJS[18]" time="0"/>
  <testcase classname="org.xidea.el.test.AutoELTest" name="testPhp[19]" time="0"/>
  <testcase classname="org.xidea.el.test.AutoELTest" name="testJava[19]" time="0"/>
  <testcase classname="org.xidea.el.test.AutoELTest" name="testJS[19]" time="0"/>
  <testcase classname="org.xidea.el.test.AutoELTest" name="testPhp[20]" time="0"/>
  <testcase classname="org.xidea.el.test.AutoELTest" name="testJava[20]" time="0"/>
  <testcase classname="org.xidea.el.test.AutoELTest" name="testJS[20]" time="0"/>
  <testcase classname="org.xidea.el.test.AutoELTest" name="testPhp[21]" time="0"/>
  <testcase classname="org.xidea.el.test.AutoELTest" name="testJava[21]" time="0"/>
  <testcase classname="org.xidea.el.test.AutoELTest" name="testJS[21]" time="0"/>
  <testcase classname="org.xidea.el.test.AutoELTest" name="testPhp[22]" time="0"/>
  <testcase classname="org.xidea.el.test.AutoELTest" name="testJava[22]" time="0"/>
  <testcase classname="org.xidea.el.test.AutoELTest" name="testJS[22]" time="0"/>
  <testcase classname="org.xidea.el.test.AutoELTest" name="testPhp[23]" time="0"/>
  <testcase classname="org.xidea.el.test.AutoELTest" name="testJava[23]" time="0"/>
  <testcase classname="org.xidea.el.test.AutoELTest" name="testJS[23]" time="0"/>
  <testcase classname="org.xidea.el.test.AutoELTest" name="testPhp[24]" time="0"/>
  <testcase classname="org.xidea.el.test.AutoELTest" name="testJava[24]" time="0"/>
  <testcase classname="org.xidea.el.test.AutoELTest" name="testJS[24]" time="0"/>
  <testcase classname="org.xidea.el.test.AutoELTest" name="testPhp[25]" time="0"/>
  <testcase classname="org.xidea.el.test.AutoELTest" name="testJava[25]" time="0"/>
  <testcase classname="org.xidea.el.test.AutoELTest" name="testJS[25]" time="0"/>
  <testcase classname="org.xidea.el.test.AutoELTest" name="testPhp[26]" time="0"/>
  <testcase classname="org.xidea.el.test.AutoELTest" name="testJava[26]" time="0"/>
  <testcase classname="org.xidea.el.test.AutoELTest" name="testJS[26]" time="0"/>
  <testcase classname="org.xidea.el.test.AutoELTest" name="testPhp[27]" time="0"/>
  <testcase classname="org.xidea.el.test.AutoELTest" name="testJava[27]" time="0"/>
  <testcase classname="org.xidea.el.test.AutoELTest" name="testJS[27]" time="0"/>
  <testcase classname="org.xidea.el.test.AutoELTest" name="testPhp[28]" time="0"/>
  <testcase classname="org.xidea.el.test.AutoELTest" name="testJava[28]" time="0"/>
  <testcase classname="org.xidea.el.test.AutoELTest" name="testJS[28]" time="0"/>
  <testcase classname="org.xidea.el.test.AutoELTest" name="testPhp[29]" time="0"/>
  <testcase classname="org.xidea.el.test.AutoELTest" name="testJava[29]" time="0"/>
  <testcase classname="org.xidea.el.test.AutoELTest" name="testJS[29]" time="0"/>
  <testcase classname="org.xidea.el.test.AutoELTest" name="testPhp[30]" time="0"/>
  <testcase classname="org.xidea.el.test.AutoELTest" name="testJava[30]" time="0"/>
  <testcase classname="org.xidea.el.test.AutoELTest" name="testJS[30]" time="0"/>
  <testcase classname="org.xidea.el.test.AutoELTest" name="testPhp[31]" time="0.001"/>
  <testcase classname="org.xidea.el.test.AutoELTest" name="testJava[31]" time="0"/>
  <testcase classname="org.xidea.el.test.AutoELTest" name="testJS[31]" time="0"/>
  <testcase classname="org.xidea.el.test.AutoELTest" name="testPhp[32]" time="0"/>
  <testcase classname="org.xidea.el.test.AutoELTest" name="testJava[32]" time="0"/>
  <testcase classname="org.xidea.el.test.AutoELTest" name="testJS[32]" time="0"/>
  <testcase classname="org.xidea.el.test.AutoELTest" name="testPhp[33]" time="0"/>
  <testcase classname="org.xidea.el.test.AutoELTest" name="testJava[33]" time="0"/>
  <testcase classname="org.xidea.el.test.AutoELTest" name="testJS[33]" time="0"/>
  <testcase classname="org.xidea.el.test.AutoELTest" name="testPhp[34]" time="0"/>
  <testcase classname="org.xidea.el.test.AutoELTest" name="testJava[34]" time="0"/>
  <testcase classname="org.xidea.el.test.AutoELTest" name="testJS[34]" time="0"/>
  <testcase classname="org.xidea.el.test.AutoELTest" name="testPhp[35]" time="0"/>
  <testcase classname="org.xidea.el.test.AutoELTest" name="testJava[35]" time="0"/>
  <testcase classname="org.xidea.el.test.AutoELTest" name="testJS[35]" time="0"/>
  <testcase classname="org.xidea.el.test.AutoELTest" name="testPhp[36]" time="0"/>
  <testcase classname="org.xidea.el.test.AutoELTest" name="testJava[36]" time="0"/>
  <testcase classname="org.xidea.el.test.AutoELTest" name="testJS[36]" time="0"/>
  <testcase classname="org.xidea.el.test.AutoELTest" name="testPhp[37]" time="0"/>
  <testcase classname="org.xidea.el.test.AutoELTest" name="testJava[37]" time="0"/>
  <testcase classname="org.xidea.el.test.AutoELTest" name="testJS[37]" time="0"/>
  <testcase classname="org.xidea.el.test.AutoELTest" name="testPhp[38]" time="0"/>
  <testcase classname="org.xidea.el.test.AutoELTest" name="testJava[38]" time="0"/>
  <testcase classname="org.xidea.el.test.AutoELTest" name="testJS[38]" time="0"/>
  <testcase classname="org.xidea.el.test.AutoELTest" name="testPhp[39]" time="0"/>
  <testcase classname="org.xidea.el.test.AutoELTest" name="testJava[39]" time="0"/>
  <testcase classname="org.xidea.el.test.AutoELTest" name="testJS[39]" time="0"/>
  <testcase classname="org.xidea.el.test.AutoELTest" name="testPhp[40]" time="0"/>
  <testcase classname="org.xidea.el.test.AutoELTest" name="testJava[40]" time="0"/>
  <testcase classname="org.xidea.el.test.AutoELTest" name="testJS[40]" time="0"/>
  <testcase classname="org.xidea.el.test.AutoELTest" name="testPhp[41]" time="0"/>
  <testcase classname="org.xidea.el.test.AutoELTest" name="testJava[41]" time="0"/>
  <testcase classname="org.xidea.el.test.AutoELTest" name="testJS[41]" time="0"/>
  <testcase classname="org.xidea.el.test.AutoELTest" name="testPhp[42]" time="0"/>
  <testcase classname="org.xidea.el.test.AutoELTest" name="testJava[42]" time="0"/>
  <testcase classname="org.xidea.el.test.AutoELTest" name="testJS[42]" time="0"/>
  <testcase classname="org.xidea.el.test.AutoELTest" name="testPhp[43]" time="0"/>
  <testcase classname="org.xidea.el.test.AutoELTest" name="testJava[43]" time="0"/>
  <testcase classname="org.xidea.el.test.AutoELTest" name="testJS[43]" time="0"/>
  <testcase classname="org.xidea.el.test.AutoELTest" name="testPhp[44]" time="0"/>
  <testcase classname="org.xidea.el.test.AutoELTest" name="testJava[44]" time="0"/>
  <testcase classname="org.xidea.el.test.AutoELTest" name="testJS[44]" time="0"/>
  <testcase classname="org.xidea.el.test.AutoELTest" name="testPhp[45]" time="0"/>
  <testcase classname="org.xidea.el.test.AutoELTest" name="testJava[45]" time="0"/>
  <testcase classname="org.xidea.el.test.AutoELTest" name="testJS[45]" time="0"/>
  <testcase classname="org.xidea.el.test.AutoELTest" name="testPhp[46]" time="0"/>
  <testcase classname="org.xidea.el.test.AutoELTest" name="testJava[46]" time="0"/>
  <testcase classname="org.xidea.el.test.AutoELTest" name="testJS[46]" time="0"/>
  <testcase classname="org.xidea.el.test.AutoELTest" name="testPhp[47]" time="0"/>
  <testcase classname="org.xidea.el.test.AutoELTest" name="testJava[47]" time="0"/>
  <testcase classname="org.xidea.el.test.AutoELTest" name="testJS[47]" time="0"/>
  <testcase classname="org.xidea.el.test.AutoELTest" name="testPhp[48]" time="0"/>
  <testcase classname="org.xidea.el.test.AutoELTest" name="testJava[48]" time="0"/>
  <testcase classname="org.xidea.el.test.AutoELTest" name="testJS[48]" time="0"/>
  <testcase classname="org.xidea.el.test.AutoELTest" name="testPhp[49]" time="0"/>
  <testcase classname="org.xidea.el.test.AutoELTest" name="testJava[49]" time="0"/>
  <testcase classname="org.xidea.el.test.AutoELTest" name="testJS[49]" time="0"/>
  <testcase classname="org.xidea.el.test.AutoELTest" name="testPhp[50]" time="0"/>
  <testcase classname="org.xidea.el.test.AutoELTest" name="testJava[50]" time="0"/>
  <testcase classname="org.xidea.el.test.AutoELTest" name="testJS[50]" time="0"/>
  <testcase classname="org.xidea.el.test.AutoELTest" name="testPhp[51]" time="0"/>
  <testcase classname="org.xidea.el.test.AutoELTest" name="testJava[51]" time="0"/>
  <testcase classname="org.xidea.el.test.AutoELTest" name="testJS[51]" time="0"/>
  <testcase classname="org.xidea.el.test.AutoELTest" name="testPhp[52]" time="0"/>
  <testcase classname="org.xidea.el.test.AutoELTest" name="testJava[52]" time="0"/>
  <testcase classname="org.xidea.el.test.AutoELTest" name="testJS[52]" time="0"/>
  <testcase classname="org.xidea.el.test.AutoELTest" name="testPhp[53]" time="0"/>
  <testcase classname="org.xidea.el.test.AutoELTest" name="testJava[53]" time="0"/>
  <testcase classname="org.xidea.el.test.AutoELTest" name="testJS[53]" time="0"/>
  <testcase classname="org.xidea.el.test.AutoELTest" name="testPhp[54]" time="0"/>
  <testcase classname="org.xidea.el.test.AutoELTest" name="testJava[54]" time="0"/>
  <testcase classname="org.xidea.el.test.AutoELTest" name="testJS[54]" time="0"/>
  <testcase classname="org.xidea.el.test.AutoELTest" name="testPhp[55]" time="0"/>
  <testcase classname="org.xidea.el.test.AutoELTest" name="testJava[55]" time="0"/>
  <testcase classname="org.xidea.el.test.AutoELTest" name="testJS[55]" time="0"/>
  <testcase classname="org.xidea.el.test.AutoELTest" name="testPhp[56]" time="0"/>
  <testcase classname="org.xidea.el.test.AutoELTest" name="testJava[56]" time="0"/>
  <testcase classname="org.xidea.el.test.AutoELTest" name="testJS[56]" time="0"/>
  <testcase classname="org.xidea.el.test.AutoELTest" name="testPhp[57]" time="0"/>
  <testcase classname="org.xidea.el.test.AutoELTest" name="testJava[57]" time="0"/>
  <testcase classname="org.xidea.el.test.AutoELTest" name="testJS[57]" time="0"/>
  <testcase classname="org.xidea.el.test.AutoELTest" name="testPhp[58]" time="0"/>
  <testcase classname="org.xidea.el.test.AutoELTest" name="testJava[58]" time="0"/>
  <testcase classname="org.xidea.el.test.AutoELTest" name="testJS[58]" time="0"/>
  <testcase classname="org.xidea.el.test.AutoELTest" name="testPhp[59]" time="0"/>
  <testcase classname="org.xidea.el.test.AutoELTest" name="testJava[59]" time="0"/>
  <testcase classname="org.xidea.el.test.AutoELTest" name="testJS[59]" time="0"/>
  <testcase classname="org.xidea.el.test.AutoELTest" name="testPhp[60]" time="0"/>
  <testcase classname="org.xidea.el.test.AutoELTest" name="testJava[60]" time="0"/>
  <testcase classname="org.xidea.el.test.AutoELTest" name="testJS[60]" time="0"/>
  <testcase classname="org.xidea.el.test.AutoELTest" name="testPhp[61]" time="0"/>
  <testcase classname="org.xidea.el.test.AutoELTest" name="testJava[61]" time="0"/>
  <testcase classname="org.xidea.el.test.AutoELTest" name="testJS[61]" time="0"/>
  <testcase classname="org.xidea.el.test.AutoELTest" name="testPhp[62]" time="0.001"/>
  <testcase classname="org.xidea.el.test.AutoELTest" name="testJava[62]" time="0"/>
  <testcase classname="org.xidea.el.test.AutoELTest" name="testJS[62]" time="0"/>
  <testcase classname="org.xidea.el.test.AutoELTest" name="testPhp[63]" time="0"/>
  <testcase classname="org.xidea.el.test.AutoELTest" name="testJava[63]" time="0"/>
  <testcase classname="org.xidea.el.test.AutoELTest" name="testJS[63]" time="0"/>
  <testcase classname="org.xidea.el.test.AutoELTest" name="testPhp[64]" time="0"/>
  <testcase classname="org.xidea.el.test.AutoELTest" name="testJava[64]" time="0"/>
  <testcase classname="org.xidea.el.test.AutoELTest" name="testJS[64]" time="0"/>
  <testcase classname="org.xidea.el.test.AutoELTest" name="testPhp[65]" time="0"/>
  <testcase classname="org.xidea.el.test.AutoELTest" name="testJava[65]" time="0"/>
  <testcase classname="org.xidea.el.test.AutoELTest" name="testJS[65]" time="0"/>
  <testcase classname="org.xidea.el.test.AutoELTest" name="testPhp[66]" time="0"/>
  <testcase classname="org.xidea.el.test.AutoELTest" name="testJava[66]" time="0"/>
  <testcase classname="org.xidea.el.test.AutoELTest" name="testJS[66]" time="0"/>
  <testcase classname="org.xidea.el.test.AutoELTest" name="testPhp[67]" time="0"/>
  <testcase classname="org.xidea.el.test.AutoELTest" name="testJava[67]" time="0"/>
  <testcase classname="org.xidea.el.test.AutoELTest" name="testJS[67]" time="0"/>
  <testcase classname="org.xidea.el.test.AutoELTest" name="testPhp[68]" time="0"/>
  <testcase classname="org.xidea.el.test.AutoELTest" name="testJava[68]" time="0"/>
  <testcase classname="org.xidea.el.test.AutoELTest" name="testJS[68]" time="0"/>
  <testcase classname="org.xidea.el.test.AutoELTest" name="testPhp[69]" time="0"/>
  <testcase classname="org.xidea.el.test.AutoELTest" name="testJava[69]" time="0"/>
  <testcase classname="org.xidea.el.test.AutoELTest" name="testJS[69]" time="0"/>
  <testcase classname="org.xidea.el.test.AutoELTest" name="testPhp[70]" time="0"/>
  <testcase classname="org.xidea.el.test.AutoELTest" name="testJava[70]" time="0"/>
  <testcase classname="org.xidea.el.test.AutoELTest" name="testJS[70]" time="0"/>
  <testcase classname="org.xidea.el.test.AutoELTest" name="testPhp[71]" time="0"/>
  <testcase classname="org.xidea.el.test.AutoELTest" name="testJava[71]" time="0"/>
  <testcase classname="org.xidea.el.test.AutoELTest" name="testJS[71]" time="0"/>
  <testcase classname="org.xidea.el.test.AutoELTest" name="testPhp[72]" time="0"/>
  <testcase classname="org.xidea.el.test.AutoELTest" name="testJava[72]" time="0"/>
  <testcase classname="org.xidea.el.test.AutoELTest" name="testJS[72]" time="0"/>
  <testcase classname="org.xidea.el.test.AutoELTest" name="testPhp[73]" time="0"/>
  <testcase classname="org.xidea.el.test.AutoELTest" name="testJava[73]" time="0"/>
  <testcase classname="org.xidea.el.test.AutoELTest" name="testJS[73]" time="0"/>
  <testcase classname="org.xidea.el.test.AutoELTest" name="testPhp[74]" time="0"/>
  <testcase classname="org.xidea.el.test.AutoELTest" name="testJava[74]" time="0"/>
  <testcase classname="org.xidea.el.test.AutoELTest" name="testJS[74]" time="0"/>
  <testcase classname="org.xidea.el.test.AutoELTest" name="testPhp[75]" time="0"/>
  <testcase classname="org.xidea.el.test.AutoELTest" name="testJava[75]" time="0"/>
  <testcase classname="org.xidea.el.test.AutoELTest" name="testJS[75]" time="0"/>
  <testcase classname="org.xidea.el.test.AutoELTest" name="testPhp[76]" time="0"/>
  <testcase classname="org.xidea.el.test.AutoELTest" name="testJava[76]" time="0"/>
  <testcase classname="org.xidea.el.test.AutoELTest" name="testJS[76]" time="0"/>
  <testcase classname="org.xidea.el.test.AutoELTest" name="testPhp[77]" time="0"/>
  <testcase classname="org.xidea.el.test.AutoELTest" name="testJava[77]" time="0"/>
  <testcase classname="org.xidea.el.test.AutoELTest" name="testJS[77]" time="0"/>
  <testcase classname="org.xidea.el.test.AutoELTest" name="testPhp[78]" time="0"/>
  <testcase classname="org.xidea.el.test.AutoELTest" name="testJava[78]" time="0"/>
  <testcase classname="org.xidea.el.test.AutoELTest" name="testJS[78]" time="0"/>
  <testcase classname="org.xidea.el.test.AutoELTest" name="testPhp[79]" time="0"/>
  <testcase classname="org.xidea.el.test.AutoELTest" name="testJava[79]" time="0"/>
  <testcase classname="org.xidea.el.test.AutoELTest" name="testJS[79]" time="0"/>
  <testcase classname="org.xidea.el.test.AutoELTest" name="testPhp[80]" time="0.001"/>
  <testcase classname="org.xidea.el.test.AutoELTest" name="testJava[80]" time="0"/>
  <testcase classname="org.xidea.el.test.AutoELTest" name="testJS[80]" time="0"/>
  <testcase classname="org.xidea.el.test.AutoELTest" name="testPhp[81]" time="0"/>
  <testcase classname="org.xidea.el.test.AutoELTest" name="testJava[81]" time="0"/>
  <testcase classname="org.xidea.el.test.AutoELTest" name="testJS[81]" time="0"/>
  <testcase classname="org.xidea.el.test.AutoELTest" name="testPhp[82]" time="0"/>
  <testcase classname="org.xidea.el.test.AutoELTest" name="testJava[82]" time="0"/>
  <testcase classname="org.xidea.el.test.AutoELTest" name="testJS[82]" time="0"/>
  <testcase classname="org.xidea.el.test.AutoELTest" name="testPhp[83]" time="0"/>
  <testcase classname="org.xidea.el.test.AutoELTest" name="testJava[83]" time="0"/>
  <testcase classname="org.xidea.el.test.AutoELTest" name="testJS[83]" time="0"/>
  <testcase classname="org.xidea.el.test.AutoELTest" name="testPhp[84]" time="0"/>
  <testcase classname="org.xidea.el.test.AutoELTest" name="testJava[84]" time="0"/>
  <testcase classname="org.xidea.el.test.AutoELTest" name="testJS[84]" time="0"/>
  <testcase classname="org.xidea.el.test.AutoELTest" name="testPhp[85]" time="0.001"/>
  <testcase classname="org.xidea.el.test.AutoELTest" name="testJava[85]" time="0"/>
  <testcase classname="org.xidea.el.test.AutoELTest" name="testJS[85]" time="0"/>
  <testcase classname="org.xidea.el.test.AutoELTest" name="testPhp[86]" time="0"/>
  <testcase classname="org.xidea.el.test.AutoELTest" name="testJava[86]" time="0"/>
  <testcase classname="org.xidea.el.test.AutoELTest" name="testJS[86]" time="0"/>
  <testcase classname="org.xidea.el.test.AutoELTest" name="testPhp[87]" time="0.003"/>
  <testcase classname="org.xidea.el.test.AutoELTest" name="testJava[87]" time="0"/>
  <testcase classname="org.xidea.el.test.AutoELTest" name="testJS[87]" time="0"/>
  <testcase classname="org.xidea.el.test.AutoELTest" name="testPhp[88]" time="0"/>
  <testcase classname="org.xidea.el.test.AutoELTest" name="testJava[88]" time="0"/>
  <testcase classname="org.xidea.el.test.AutoELTest" name="testJS[88]" time="0"/>
  <testcase classname="org.xidea.el.test.AutoELTest" name="testPhp[89]" time="0"/>
  <testcase classname="org.xidea.el.test.AutoELTest" name="testJava[89]" time="0"/>
  <testcase classname="org.xidea.el.test.AutoELTest" name="testJS[89]" time="0"/>
  <testcase classname="org.xidea.el.test.AutoELTest" name="testPhp[90]" time="0"/>
  <testcase classname="org.xidea.el.test.AutoELTest" name="testJava[90]" time="0"/>
  <testcase classname="org.xidea.el.test.AutoELTest" name="testJS[90]" time="0"/>
  <testcase classname="org.xidea.el.test.AutoELTest" name="testPhp[91]" time="0"/>
  <testcase classname="org.xidea.el.test.AutoELTest" name="testJava[91]" time="0"/>
  <testcase classname="org.xidea.el.test.AutoELTest" name="testJS[91]" time="0.001"/>
  <testcase classname="org.xidea.el.test.AutoELTest" name="testPhp[92]" time="0"/>
  <testcase classname="org.xidea.el.test.AutoELTest" name="testJava[92]" time="0"/>
  <testcase classname="org.xidea.el.test.AutoELTest" name="testJS[92]" time="0"/>
  <testcase classname="org.xidea.el.test.AutoELTest" name="testPhp[93]" time="0"/>
  <testcase classname="org.xidea.el.test.AutoELTest" name="testJava[93]" time="0.001"/>
  <testcase classname="org.xidea.el.test.AutoELTest" name="testJS[93]" time="0"/>
  <testcase classname="org.xidea.el.test.AutoELTest" name="testPhp[94]" time="0"/>
  <testcase classname="org.xidea.el.test.AutoELTest" name="testJava[94]" time="0"/>
  <testcase classname="org.xidea.el.test.AutoELTest" name="testJS[94]" time="0"/>
  <testcase classname="org.xidea.el.test.AutoELTest" name="testPhp[95]" time="0"/>
  <testcase classname="org.xidea.el.test.AutoELTest" name="testJava[95]" time="0"/>
  <testcase classname="org.xidea.el.test.AutoELTest" name="testJS[95]" time="0"/>
  <testcase classname="org.xidea.el.test.AutoELTest" name="testPhp[96]" time="0"/>
  <testcase classname="org.xidea.el.test.AutoELTest" name="testJava[96]" time="0"/>
  <testcase classname="org.xidea.el.test.AutoELTest" name="testJS[96]" time="0"/>
  <testcase classname="org.xidea.el.test.AutoELTest" name="testPhp[97]" time="0"/>
  <testcase classname="org.xidea.el.test.AutoELTest" name="testJava[97]" time="0"/>
  <testcase classname="org.xidea.el.test.AutoELTest" name="testJS[97]" time="0"/>
  <testcase classname="org.xidea.el.test.AutoELTest" name="testPhp[98]" time="0"/>
  <testcase classname="org.xidea.el.test.AutoELTest" name="testJava[98]" time="0"/>
  <testcase classname="org.xidea.el.test.AutoELTest" name="testJS[98]" time="0"/>
  <testcase classname="org.xidea.el.test.AutoELTest" name="testPhp[99]" time="0"/>
  <testcase classname="org.xidea.el.test.AutoELTest" name="testJava[99]" time="0"/>
  <testcase classname="org.xidea.el.test.AutoELTest" name="testJS[99]" time="0"/>
  <testcase classname="org.xidea.el.test.AutoELTest" name="testPhp[100]" time="0"/>
  <testcase classname="org.xidea.el.test.AutoELTest" name="testJava[100]" time="0"/>
  <testcase classname="org.xidea.el.test.AutoELTest" name="testJS[100]" time="0"/>
  <testcase classname="org.xidea.el.test.AutoELTest" name="testPhp[101]" time="0.001"/>
  <testcase classname="org.xidea.el.test.AutoELTest" name="testJava[101]" time="0"/>
  <testcase classname="org.xidea.el.test.AutoELTest" name="testJS[101]" time="0"/>
  <testcase classname="org.xidea.el.test.AutoELTest" name="testPhp[102]" time="0"/>
  <testcase classname="org.xidea.el.test.AutoELTest" name="testJava[102]" time="0"/>
  <testcase classname="org.xidea.el.test.AutoELTest" name="testJS[102]" time="0"/>
  <testcase classname="org.xidea.el.test.AutoELTest" name="testPhp[103]" time="0"/>
  <testcase classname="org.xidea.el.test.AutoELTest" name="testJava[103]" time="0"/>
  <testcase classname="org.xidea.el.test.AutoELTest" name="testJS[103]" time="0"/>
  <testcase classname="org.xidea.el.test.AutoELTest" name="testPhp[104]" time="0"/>
  <testcase classname="org.xidea.el.test.AutoELTest" name="testJava[104]" time="0"/>
  <testcase classname="org.xidea.el.test.AutoELTest" name="testJS[104]" time="0"/>
  <testcase classname="org.xidea.el.test.AutoELTest" name="testPhp[105]" time="0"/>
  <testcase classname="org.xidea.el.test.AutoELTest" name="testJava[105]" time="0"/>
  <testcase classname="org.xidea.el.test.AutoELTest" name="testJS[105]" time="0"/>
  <testcase classname="org.xidea.el.test.AutoELTest" name="testPhp[106]" time="0"/>
  <testcase classname="org.xidea.el.test.AutoELTest" name="testJava[106]" time="0"/>
  <testcase classname="org.xidea.el.test.AutoELTest" name="testJS[106]" time="0"/>
  <testcase classname="org.xidea.el.test.AutoELTest" name="testPhp[107]" time="0"/>
  <testcase classname="org.xidea.el.test.AutoELTest" name="testJava[107]" time="0"/>
  <testcase classname="org.xidea.el.test.AutoELTest" name="testJS[107]" time="0"/>
  <testcase classname="org.xidea.el.test.AutoELTest" name="testPhp[108]" time="0"/>
  <testcase classname="org.xidea.el.test.AutoELTest" name="testJava[108]" time="0"/>
  <testcase classname="org.xidea.el.test.AutoELTest" name="testJS[108]" time="0"/>
  <testcase classname="org.xidea.el.test.AutoELTest" name="testPhp[109]" time="0"/>
  <testcase classname="org.xidea.el.test.AutoELTest" name="testJava[109]" time="0"/>
  <testcase classname="org.xidea.el.test.AutoELTest" name="testJS[109]" time="0"/>
  <testcase classname="org.xidea.el.test.AutoELTest" name="testPhp[110]" time="0"/>
  <testcase classname="org.xidea.el.test.AutoELTest" name="testJava[110]" time="0"/>
  <testcase classname="org.xidea.el.test.AutoELTest" name="testJS[110]" time="0"/>
  <testcase classname="org.xidea.el.test.AutoELTest" name="testPhp[111]" time="0"/>
  <testcase classname="org.xidea.el.test.AutoELTest" name="testJava[111]" time="0"/>
  <testcase classname="org.xidea.el.test.AutoELTest" name="testJS[111]" time="0"/>
  <testcase classname="org.xidea.el.test.AutoELTest" name="testPhp[112]" time="0"/>
  <testcase classname="org.xidea.el.test.AutoELTest" name="testJava[112]" time="0"/>
  <testcase classname="org.xidea.el.test.AutoELTest" name="testJS[112]" time="0"/>
  <testcase classname="org.xidea.el.test.AutoELTest" name="testPhp[113]" time="0"/>
  <testcase classname="org.xidea.el.test.AutoELTest" name="testJava[113]" time="0"/>
  <testcase classname="org.xidea.el.test.AutoELTest" name="testJS[113]" time="0"/>
  <testcase classname="org.xidea.el.test.AutoELTest" name="testPhp[114]" time="0"/>
  <testcase classname="org.xidea.el.test.AutoELTest" name="testJava[114]" time="0"/>
  <testcase classname="org.xidea.el.test.AutoELTest" name="testJS[114]" time="0"/>
  <testcase classname="org.xidea.el.test.AutoELTest" name="testPhp[115]" time="0"/>
  <testcase classname="org.xidea.el.test.AutoELTest" name="testJava[115]" time="0"/>
  <testcase classname="org.xidea.el.test.AutoELTest" name="testJS[115]" time="0"/>
  <testcase classname="org.xidea.el.test.AutoELTest" name="testPhp[116]" time="0"/>
  <testcase classname="org.xidea.el.test.AutoELTest" name="testJava[116]" time="0"/>
  <testcase classname="org.xidea.el.test.AutoELTest" name="testJS[116]" time="0"/>
  <testcase classname="org.xidea.el.test.AutoELTest" name="testPhp[117]" time="0"/>
  <testcase classname="org.xidea.el.test.AutoELTest" name="testJava[117]" time="0"/>
  <testcase classname="org.xidea.el.test.AutoELTest" name="testJS[117]" time="0"/>
  <testcase classname="org.xidea.el.test.AutoELTest" name="testPhp[118]" time="0"/>
  <testcase classname="org.xidea.el.test.AutoELTest" name="testJava[118]" time="0"/>
  <testcase classname="org.xidea.el.test.AutoELTest" name="testJS[118]" time="0"/>
  <testcase classname="org.xidea.el.test.AutoELTest" name="testPhp[119]" time="0"/>
  <testcase classname="org.xidea.el.test.AutoELTest" name="testJava[119]" time="0"/>
  <testcase classname="org.xidea.el.test.AutoELTest" name="testJS[119]" time="0"/>
  <testcase classname="org.xidea.el.test.AutoELTest" name="testPhp[120]" time="0"/>
  <testcase classname="org.xidea.el.test.AutoELTest" name="testJava[120]" time="0"/>
  <testcase classname="org.xidea.el.test.AutoELTest" name="testJS[120]" time="0"/>
  <testcase classname="org.xidea.el.test.AutoELTest" name="testPhp[121]" time="0"/>
  <testcase classname="org.xidea.el.test.AutoELTest" name="testJava[121]" time="0"/>
  <testcase classname="org.xidea.el.test.AutoELTest" name="testJS[121]" time="0"/>
  <testcase classname="org.xidea.el.test.AutoELTest" name="testPhp[122]" time="0"/>
  <testcase classname="org.xidea.el.test.AutoELTest" name="testJava[122]" time="0"/>
  <testcase classname="org.xidea.el.test.AutoELTest" name="testJS[122]" time="0"/>
  <testcase classname="org.xidea.el.test.AutoELTest" name="testPhp[123]" time="0.001"/>
  <testcase classname="org.xidea.el.test.AutoELTest" name="testJava[123]" time="0"/>
  <testcase classname="org.xidea.el.test.AutoELTest" name="testJS[123]" time="0"/>
  <testcase classname="org.xidea.el.test.AutoELTest" name="testPhp[124]" time="0"/>
  <testcase classname="org.xidea.el.test.AutoELTest" name="testJava[124]" time="0"/>
  <testcase classname="org.xidea.el.test.AutoELTest" name="testJS[124]" time="0"/>
  <testcase classname="org.xidea.el.test.AutoELTest" name="testPhp[125]" time="0"/>
  <testcase classname="org.xidea.el.test.AutoELTest" name="testJava[125]" time="0"/>
  <testcase classname="org.xidea.el.test.AutoELTest" name="testJS[125]" time="0"/>
  <testcase classname="org.xidea.el.test.AutoELTest" name="testPhp[126]" time="0"/>
  <testcase classname="org.xidea.el.test.AutoELTest" name="testJava[126]" time="0"/>
  <testcase classname="org.xidea.el.test.AutoELTest" name="testJS[126]" time="0"/>
  <testcase classname="org.xidea.el.test.AutoELTest" name="testPhp[127]" time="0"/>
  <testcase classname="org.xidea.el.test.AutoELTest" name="testJava[127]" time="0"/>
  <testcase classname="org.xidea.el.test.AutoELTest" name="testJS[127]" time="0"/>
  <testcase classname="org.xidea.el.test.AutoELTest" name="testPhp[128]" time="0"/>
  <testcase classname="org.xidea.el.test.AutoELTest" name="testJava[128]" time="0"/>
  <testcase classname="org.xidea.el.test.AutoELTest" name="testJS[128]" time="0"/>
  <testcase classname="org.xidea.el.test.AutoELTest" name="testPhp[129]" time="0"/>
  <testcase classname="org.xidea.el.test.AutoELTest" name="testJava[129]" time="0"/>
  <testcase classname="org.xidea.el.test.AutoELTest" name="testJS[129]" time="0"/>
  <testcase classname="org.xidea.el.test.AutoELTest" name="testPhp[130]" time="0"/>
  <testcase classname="org.xidea.el.test.AutoELTest" name="testJava[130]" time="0"/>
  <testcase classname="org.xidea.el.test.AutoELTest" name="testJS[130]" time="0"/>
  <testcase classname="org.xidea.el.test.AutoELTest" name="testPhp[131]" time="0"/>
  <testcase classname="org.xidea.el.test.AutoELTest" name="testJava[131]" time="0"/>
  <testcase classname="org.xidea.el.test.AutoELTest" name="testJS[131]" time="0"/>
  <testcase classname="org.xidea.el.test.AutoELTest" name="testPhp[132]" time="0"/>
  <testcase classname="org.xidea.el.test.AutoELTest" name="testJava[132]" time="0"/>
  <testcase classname="org.xidea.el.test.AutoELTest" name="testJS[132]" time="0"/>
  <testcase classname="org.xidea.el.test.AutoELTest" name="testPhp[133]" time="0"/>
  <testcase classname="org.xidea.el.test.AutoELTest" name="testJava[133]" time="0"/>
  <testcase classname="org.xidea.el.test.AutoELTest" name="testJS[133]" time="0"/>
  <testcase classname="org.xidea.el.test.AutoELTest" name="testPhp[134]" time="0"/>
  <testcase classname="org.xidea.el.test.AutoELTest" name="testJava[134]" time="0"/>
  <testcase classname="org.xidea.el.test.AutoELTest" name="testJS[134]" time="0"/>
  <testcase classname="org.xidea.el.test.AutoELTest" name="testPhp[135]" time="0"/>
  <testcase classname="org.xidea.el.test.AutoELTest" name="testJava[135]" time="0"/>
  <testcase classname="org.xidea.el.test.AutoELTest" name="testJS[135]" time="0"/>
  <testcase classname="org.xidea.el.test.AutoELTest" name="testPhp[136]" time="0"/>
  <testcase classname="org.xidea.el.test.AutoELTest" name="testJava[136]" time="0"/>
  <testcase classname="org.xidea.el.test.AutoELTest" name="testJS[136]" time="0"/>
  <testcase classname="org.xidea.el.test.AutoELTest" name="testPhp[137]" time="0"/>
  <testcase classname="org.xidea.el.test.AutoELTest" name="testJava[137]" time="0"/>
  <testcase classname="org.xidea.el.test.AutoELTest" name="testJS[137]" time="0"/>
  <testcase classname="org.xidea.el.test.AutoELTest" name="testPhp[138]" time="0"/>
  <testcase classname="org.xidea.el.test.AutoELTest" name="testJava[138]" time="0"/>
  <testcase classname="org.xidea.el.test.AutoELTest" name="testJS[138]" time="0"/>
  <testcase classname="org.xidea.el.test.AutoELTest" name="testPhp[139]" time="0"/>
  <testcase classname="org.xidea.el.test.AutoELTest" name="testJava[139]" time="0"/>
  <testcase classname="org.xidea.el.test.AutoELTest" name="testJS[139]" time="0"/>
  <testcase classname="org.xidea.el.test.AutoELTest" name="testPhp[140]" time="0"/>
  <testcase classname="org.xidea.el.test.AutoELTest" name="testJava[140]" time="0"/>
  <testcase classname="org.xidea.el.test.AutoELTest" name="testJS[140]" time="0"/>
  <testcase classname="org.xidea.el.test.AutoELTest" name="testPhp[141]" time="0"/>
  <testcase classname="org.xidea.el.test.AutoELTest" name="testJava[141]" time="0"/>
  <testcase classname="org.xidea.el.test.AutoELTest" name="testJS[141]" time="0"/>
  <testcase classname="org.xidea.el.test.AutoELTest" name="testPhp[142]" time="0"/>
  <testcase classname="org.xidea.el.test.AutoELTest" name="testJava[142]" time="0"/>
  <testcase classname="org.xidea.el.test.AutoELTest" name="testJS[142]" time="0"/>
  <testcase classname="org.xidea.el.test.AutoELTest" name="testPhp[143]" time="0"/>
  <testcase classname="org.xidea.el.test.AutoELTest" name="testJava[143]" time="0"/>
  <testcase classname="org.xidea.el.test.AutoELTest" name="testJS[143]" time="0"/>
  <testcase classname="org.xidea.el.test.AutoELTest" name="testPhp[144]" time="0"/>
  <testcase classname="org.xidea.el.test.AutoELTest" name="testJava[144]" time="0"/>
  <testcase classname="org.xidea.el.test.AutoELTest" name="testJS[144]" time="0"/>
  <testcase classname="org.xidea.el.test.AutoELTest" name="testPhp[145]" time="0"/>
  <testcase classname="org.xidea.el.test.AutoELTest" name="testJava[145]" time="0"/>
  <testcase classname="org.xidea.el.test.AutoELTest" name="testJS[145]" time="0"/>
  <testcase classname="org.xidea.el.test.AutoELTest" name="testPhp[146]" time="0"/>
  <testcase classname="org.xidea.el.test.AutoELTest" name="testJava[146]" time="0"/>
  <testcase classname="org.xidea.el.test.AutoELTest" name="testJS[146]" time="0"/>
  <testcase classname="org.xidea.el.test.AutoELTest" name="testPhp[147]" time="0"/>
  <testcase classname="org.xidea.el.test.AutoELTest" name="testJava[147]" time="0.001"/>
  <testcase classname="org.xidea.el.test.AutoELTest" name="testJS[147]" time="0"/>
  <testcase classname="org.xidea.el.test.AutoELTest" name="testPhp[148]" time="0"/>
  <testcase classname="org.xidea.el.test.AutoELTest" name="testJava[148]" time="0"/>
  <testcase classname="org.xidea.el.test.AutoELTest" name="testJS[148]" time="0"/>
  <testcase classname="org.xidea.el.test.AutoELTest" name="testPhp[149]" time="0"/>
  <testcase classname="org.xidea.el.test.AutoELTest" name="testJava[149]" time="0"/>
  <testcase classname="org.xidea.el.test.AutoELTest" name="testJS[149]" time="0"/>
  <testcase classname="org.xidea.el.test.AutoELTest" name="testPhp[150]" time="0"/>
  <testcase classname="org.xidea.el.test.AutoELTest" name="testJava[150]" time="0"/>
  <testcase classname="org.xidea.el.test.AutoELTest" name="testJS[150]" time="0"/>
  <testcase classname="org.xidea.el.test.AutoELTest" name="testPhp[151]" time="0"/>
  <testcase classname="org.xidea.el.test.AutoELTest" name="testJava[151]" time="0"/>
  <testcase classname="org.xidea.el.test.AutoELTest" name="testJS[151]" time="0"/>
  <testcase classname="org.xidea.el.test.AutoELTest" name="testPhp[152]" time="0"/>
  <testcase classname="org.xidea.el.test.AutoELTest" name="testJava[152]" time="0"/>
  <testcase classname="org.xidea.el.test.AutoELTest" name="testJS[152]" time="0"/>
  <testcase classname="org.xidea.el.test.AutoELTest" name="testPhp[153]" time="0"/>
  <testcase classname="org.xidea.el.test.AutoELTest" name="testJava[153]" time="0"/>
  <testcase classname="org.xidea.el.test.AutoELTest" name="testJS[153]" time="0"/>
  <testcase classname="org.xidea.el.test.AutoELTest" name="testPhp[154]" time="0"/>
  <testcase classname="org.xidea.el.test.AutoELTest" name="testJava[154]" time="0"/>
  <testcase classname="org.xidea.el.test.AutoELTest" name="testJS[154]" time="0"/>
  <testcase classname="org.xidea.el.test.AutoELTest" name="testPhp[155]" time="0"/>
  <testcase classname="org.xidea.el.test.AutoELTest" name="testJava[155]" time="0"/>
  <testcase classname="org.xidea.el.test.AutoELTest" name="testJS[155]" time="0"/>
  <testcase classname="org.xidea.el.test.AutoELTest" name="testPhp[156]" time="0"/>
  <testcase classname="org.xidea.el.test.AutoELTest" name="testJava[156]" time="0"/>
  <testcase classname="org.xidea.el.test.AutoELTest" name="testJS[156]" time="0"/>
  <testcase classname="org.xidea.el.test.AutoELTest" name="testPhp[157]" time="0"/>
  <testcase classname="org.xidea.el.test.AutoELTest" name="testJava[157]" time="0"/>
  <testcase classname="org.xidea.el.test.AutoELTest" name="testJS[157]" time="0"/>
  <testcase classname="org.xidea.el.test.AutoELTest" name="testPhp[158]" time="0"/>
  <testcase classname="org.xidea.el.test.AutoELTest" name="testJava[158]" time="0"/>
  <testcase classname="org.xidea.el.test.AutoELTest" name="testJS[158]" time="0"/>
  <testcase classname="org.xidea.el.test.AutoELTest" name="testPhp[159]" time="0"/>
  <testcase classname="org.xidea.el.test.AutoELTest" name="testJava[159]" time="0"/>
  <testcase classname="org.xidea.el.test.AutoELTest" name="testJS[159]" time="0"/>
  <testcase classname="org.xidea.el.test.AutoELTest" name="testPhp[160]" time="0"/>
  <testcase classname="org.xidea.el.test.AutoELTest" name="testJava[160]" time="0"/>
  <testcase classname="org.xidea.el.test.AutoELTest" name="testJS[160]" time="0"/>
  <testcase classname="org.xidea.el.test.AutoELTest" name="testPhp[161]" time="0"/>
  <testcase classname="org.xidea.el.test.AutoELTest" name="testJava[161]" time="0"/>
  <testcase classname="org.xidea.el.test.AutoELTest" name="testJS[161]" time="0"/>
  <testcase classname="org.xidea.el.test.AutoELTest" name="testPhp[162]" time="0"/>
  <testcase classname="org.xidea.el.test.AutoELTest" name="testJava[162]" time="0"/>
  <testcase classname="org.xidea.el.test.AutoELTest" name="testJS[162]" time="0"/>
  <testcase classname="org.xidea.el.test.AutoELTest" name="testPhp[163]" time="0"/>
  <testcase classname="org.xidea.el.test.AutoELTest" name="testJava[163]" time="0"/>
  <testcase classname="org.xidea.el.test.AutoELTest" name="testJS[163]" time="0"/>
  <testcase classname="org.xidea.el.test.AutoELTest" name="testPhp[164]" time="0"/>
  <testcase classname="org.xidea.el.test.AutoELTest" name="testJava[164]" time="0"/>
  <testcase classname="org.xidea.el.test.AutoELTest" name="testJS[164]" time="0"/>
  <testcase classname="org.xidea.el.test.AutoELTest" name="testPhp[165]" time="0"/>
  <testcase classname="org.xidea.el.test.AutoELTest" name="testJava[165]" time="0"/>
  <testcase classname="org.xidea.el.test.AutoELTest" name="testJS[165]" time="0"/>
  <testcase classname="org.xidea.el.test.AutoELTest" name="testPhp[166]" time="0"/>
  <testcase classname="org.xidea.el.test.AutoELTest" name="testJava[166]" time="0"/>
  <testcase classname="org.xidea.el.test.AutoELTest" name="testJS[166]" time="0"/>
  <testcase classname="org.xidea.el.test.AutoELTest" name="testPhp[167]" time="0"/>
  <testcase classname="org.xidea.el.test.AutoELTest" name="testJava[167]" time="0"/>
  <testcase classname="org.xidea.el.test.AutoELTest" name="testJS[167]" time="0"/>
  <testcase classname="org.xidea.el.test.AutoELTest" name="testPhp[168]" time="0"/>
  <testcase classname="org.xidea.el.test.AutoELTest" name="testJava[168]" time="0.001"/>
  <testcase classname="org.xidea.el.test.AutoELTest" name="testJS[168]" time="0"/>
  <testcase classname="org.xidea.el.test.AutoELTest" name="testPhp[169]" time="0"/>
  <testcase classname="org.xidea.el.test.AutoELTest" name="testJava[169]" time="0"/>
  <testcase classname="org.xidea.el.test.AutoELTest" name="testJS[169]" time="0"/>
  <testcase classname="org.xidea.el.test.AutoELTest" name="testPhp[170]" time="0"/>
  <testcase classname="org.xidea.el.test.AutoELTest" name="testJava[170]" time="0"/>
  <testcase classname="org.xidea.el.test.AutoELTest" name="testJS[170]" time="0"/>
  <testcase classname="org.xidea.el.test.AutoELTest" name="testPhp[171]" time="0"/>
  <testcase classname="org.xidea.el.test.AutoELTest" name="testJava[171]" time="0"/>
  <testcase classname="org.xidea.el.test.AutoELTest" name="testJS[171]" time="0"/>
  <testcase classname="org.xidea.el.test.AutoELTest" name="testPhp[172]" time="0"/>
  <testcase classname="org.xidea.el.test.AutoELTest" name="testJava[172]" time="0"/>
  <testcase classname="org.xidea.el.test.AutoELTest" name="testJS[172]" time="0"/>
  <testcase classname="org.xidea.el.test.AutoELTest" name="testPhp[173]" time="0"/>
  <testcase classname="org.xidea.el.test.AutoELTest" name="testJava[173]" time="0"/>
  <testcase classname="org.xidea.el.test.AutoELTest" name="testJS[173]" time="0"/>
  <testcase classname="org.xidea.el.test.AutoELTest" name="testPhp[174]" time="0"/>
  <testcase classname="org.xidea.el.test.AutoELTest" name="testJava[174]" time="0"/>
  <testcase classname="org.xidea.el.test.AutoELTest" name="testJS[174]" time="0"/>
  <testcase classname="org.xidea.el.test.AutoELTest" name="testPhp[175]" time="0"/>
  <testcase classname="org.xidea.el.test.AutoELTest" name="testJava[175]" time="0"/>
  <testcase classname="org.xidea.el.test.AutoELTest" name="testJS[175]" time="0"/>
  <testcase classname="org.xidea.el.test.AutoELTest" name="testPhp[176]" time="0"/>
  <testcase classname="org.xidea.el.test.AutoELTest" name="testJava[176]" time="0"/>
  <testcase classname="org.xidea.el.test.AutoELTest" name="testJS[176]" time="0"/>
  <testcase classname="org.xidea.el.test.AutoELTest" name="testPhp[177]" time="0"/>
  <testcase classname="org.xidea.el.test.AutoELTest" name="testJava[177]" time="0"/>
  <testcase classname="org.xidea.el.test.AutoELTest" name="testJS[177]" time="0"/>
  <testcase classname="org.xidea.el.test.AutoELTest" name="testPhp[178]" time="0"/>
  <testcase classname="org.xidea.el.test.AutoELTest" name="testJava[178]" time="0"/>
  <testcase classname="org.xidea.el.test.AutoELTest" name="testJS[178]" time="0"/>
  <testcase classname="org.xidea.el.test.AutoELTest" name="testPhp[179]" time="0"/>
  <testcase classname="org.xidea.el.test.AutoELTest" name="testJava[179]" time="0"/>
  <testcase classname="org.xidea.el.test.AutoELTest" name="testJS[179]" time="0"/>
  <testcase classname="org.xidea.el.test.AutoELTest" name="testPhp[180]" time="0"/>
  <testcase classname="org.xidea.el.test.AutoELTest" name="testJava[180]" time="0"/>
  <testcase classname="org.xidea.el.test.AutoELTest" name="testJS[180]" time="0"/>
  <testcase classname="org.xidea.el.test.AutoELTest" name="testPhp[181]" time="0"/>
  <testcase classname="org.xidea.el.test.AutoELTest" name="testJava[181]" time="0"/>
  <testcase classname="org.xidea.el.test.AutoELTest" name="testJS[181]" time="0"/>
  <testcase classname="org.xidea.el.test.AutoELTest" name="testPhp[182]" time="0"/>
  <testcase classname="org.xidea.el.test.AutoELTest" name="testJava[182]" time="0"/>
  <testcase classname="org.xidea.el.test.AutoELTest" name="testJS[182]" time="0"/>
  <testcase classname="org.xidea.el.test.AutoELTest" name="testPhp[183]" time="0"/>
  <testcase classname="org.xidea.el.test.AutoELTest" name="testJava[183]" time="0"/>
  <testcase classname="org.xidea.el.test.AutoELTest" name="testJS[183]" time="0"/>
  <testcase classname="org.xidea.el.test.AutoELTest" name="testPhp[184]" time="0"/>
  <testcase classname="org.xidea.el.test.AutoELTest" name="testJava[184]" time="0"/>
  <testcase classname="org.xidea.el.test.AutoELTest" name="testJS[184]" time="0"/>
  <testcase classname="org.xidea.el.test.AutoELTest" name="testPhp[185]" time="0"/>
  <testcase classname="org.xidea.el.test.AutoELTest" name="testJava[185]" time="0"/>
  <testcase classname="org.xidea.el.test.AutoELTest" name="testJS[185]" time="0"/>
  <testcase classname="org.xidea.el.test.AutoELTest" name="testPhp[186]" time="0"/>
  <testcase classname="org.xidea.el.test.AutoELTest" name="testJava[186]" time="0"/>
  <testcase classname="org.xidea.el.test.AutoELTest" name="testJS[186]" time="0"/>
  <testcase classname="org.xidea.el.test.AutoELTest" name="testPhp[187]" time="0"/>
  <testcase classname="org.xidea.el.test.AutoELTest" name="testJava[187]" time="0"/>
  <testcase classname="org.xidea.el.test.AutoELTest" name="testJS[187]" time="0"/>
  <testcase classname="org.xidea.el.test.AutoELTest" name="testPhp[188]" time="0"/>
  <testcase classname="org.xidea.el.test.AutoELTest" name="testJava[188]" time="0"/>
  <testcase classname="org.xidea.el.test.AutoELTest" name="testJS[188]" time="0"/>
  <testcase classname="org.xidea.el.test.AutoELTest" name="testPhp[189]" time="0"/>
  <testcase classname="org.xidea.el.test.AutoELTest" name="testJava[189]" time="0"/>
  <testcase classname="org.xidea.el.test.AutoELTest" name="testJS[189]" time="0"/>
  <testcase classname="org.xidea.el.test.AutoELTest" name="testPhp[190]" time="0"/>
  <testcase classname="org.xidea.el.test.AutoELTest" name="testJava[190]" time="0"/>
  <testcase classname="org.xidea.el.test.AutoELTest" name="testJS[190]" time="0"/>
  <testcase classname="org.xidea.el.test.AutoELTest" name="testPhp[191]" time="0"/>
  <testcase classname="org.xidea.el.test.AutoELTest" name="testJava[191]" time="0"/>
  <testcase classname="org.xidea.el.test.AutoELTest" name="testJS[191]" time="0"/>
  <testcase classname="org.xidea.el.test.AutoELTest" name="testPhp[192]" time="0"/>
  <testcase classname="org.xidea.el.test.AutoELTest" name="testJava[192]" time="0"/>
  <testcase classname="org.xidea.el.test.AutoELTest" name="testJS[192]" time="0"/>
  <testcase classname="org.xidea.el.test.AutoELTest" name="testPhp[193]" time="0"/>
  <testcase classname="org.xidea.el.test.AutoELTest" name="testJava[193]" time="0"/>
  <testcase classname="org.xidea.el.test.AutoELTest" name="testJS[193]" time="0"/>
  <testcase classname="org.xidea.el.test.AutoELTest" name="testPhp[194]" time="0.01"/>
  <testcase classname="org.xidea.el.test.AutoELTest" name="testJava[194]" time="0"/>
  <testcase classname="org.xidea.el.test.AutoELTest" name="testJS[194]" time="0"/>
  <testcase classname="org.xidea.el.test.AutoELTest" name="testPhp[195]" time="0"/>
  <testcase classname="org.xidea.el.test.AutoELTest" name="testJava[195]" time="0"/>
  <testcase classname="org.xidea.el.test.AutoELTest" name="testJS[195]" time="0"/>
  <testcase classname="org.xidea.el.test.AutoELTest" name="testPhp[196]" time="0"/>
  <testcase classname="org.xidea.el.test.AutoELTest" name="testJava[196]" time="0"/>
  <testcase classname="org.xidea.el.test.AutoELTest" name="testJS[196]" time="0"/>
  <testcase classname="org.xidea.el.test.AutoELTest" name="testPhp[197]" time="0"/>
  <testcase classname="org.xidea.el.test.AutoELTest" name="testJava[197]" time="0"/>
  <testcase classname="org.xidea.el.test.AutoELTest" name="testJS[197]" time="0"/>
  <testcase classname="org.xidea.el.test.AutoELTest" name="testPhp[198]" time="0"/>
  <testcase classname="org.xidea.el.test.AutoELTest" name="testJava[198]" time="0"/>
  <testcase classname="org.xidea.el.test.AutoELTest" name="testJS[198]" time="0"/>
  <testcase classname="org.xidea.el.test.AutoELTest" name="testPhp[199]" time="0"/>
  <testcase classname="org.xidea.el.test.AutoELTest" name="testJava[199]" time="0"/>
  <testcase classname="org.xidea.el.test.AutoELTest" name="testJS[199]" time="0"/>
  <testcase classname="org.xidea.el.test.AutoELTest" name="testPhp[200]" time="0"/>
  <testcase classname="org.xidea.el.test.AutoELTest" name="testJava[200]" time="0"/>
  <testcase classname="org.xidea.el.test.AutoELTest" name="testJS[200]" time="0.003"/>
  <testcase classname="org.xidea.el.test.AutoELTest" name="testPhp[201]" time="0"/>
  <testcase classname="org.xidea.el.test.AutoELTest" name="testJava[201]" time="0"/>
  <testcase classname="org.xidea.el.test.AutoELTest" name="testJS[201]" time="0"/>
  <testcase classname="org.xidea.el.test.AutoELTest" name="testPhp[202]" time="0"/>
  <testcase classname="org.xidea.el.test.AutoELTest" name="testJava[202]" time="0"/>
  <testcase classname="org.xidea.el.test.AutoELTest" name="testJS[202]" time="0"/>
  <testcase classname="org.xidea.el.test.AutoELTest" name="testPhp[203]" time="0"/>
  <testcase classname="org.xidea.el.test.AutoELTest" name="testJava[203]" time="0"/>
  <testcase classname="org.xidea.el.test.AutoELTest" name="testJS[203]" time="0"/>
  <testcase classname="org.xidea.el.test.AutoELTest" name="testPhp[204]" time="0"/>
  <testcase classname="org.xidea.el.test.AutoELTest" name="testJava[204]" time="0"/>
  <testcase classname="org.xidea.el.test.AutoELTest" name="testJS[204]" time="0"/>
  <testcase classname="org.xidea.el.test.AutoELTest" name="testPhp[205]" time="0.001"/>
  <testcase classname="org.xidea.el.test.AutoELTest" name="testJava[205]" time="0"/>
  <testcase classname="org.xidea.el.test.AutoELTest" name="testJS[205]" time="0"/>
  <testcase classname="org.xidea.el.test.AutoELTest" name="testPhp[206]" time="0"/>
  <testcase classname="org.xidea.el.test.AutoELTest" name="testJava[206]" time="0"/>
  <testcase classname="org.xidea.el.test.AutoELTest" name="testJS[206]" time="0"/>
  <testcase classname="org.xidea.el.test.AutoELTest" name="testPhp[207]" time="0"/>
  <testcase classname="org.xidea.el.test.AutoELTest" name="testJava[207]" time="0"/>
  <testcase classname="org.xidea.el.test.AutoELTest" name="testJS[207]" time="0"/>
  <testcase classname="org.xidea.el.test.AutoELTest" name="testPhp[208]" time="0"/>
  <testcase classname="org.xidea.el.test.AutoELTest" name="testJava[208]" time="0"/>
  <testcase classname="org.xidea.el.test.AutoELTest" name="testJS[208]" time="0"/>
  <testcase classname="org.xidea.el.test.AutoELTest" name="testPhp[209]" time="0"/>
  <testcase classname="org.xidea.el.test.AutoELTest" name="testJava[209]" time="0"/>
  <testcase classname="org.xidea.el.test.AutoELTest" name="testJS[209]" time="0"/>
  <testcase classname="org.xidea.el.test.AutoELTest" name="testPhp[210]" time="0"/>
  <testcase classname="org.xidea.el.test.AutoELTest" name="testJava[210]" time="0"/>
  <testcase classname="org.xidea.el.test.AutoELTest" name="testJS[210]" time="0"/>
  <testcase classname="org.xidea.el.test.AutoELTest" name="testPhp[211]" time="0"/>
  <testcase classname="org.xidea.el.test.AutoELTest" name="testJava[211]" time="0"/>
  <testcase classname="org.xidea.el.test.AutoELTest" name="testJS[211]" time="0"/>
  <testcase classname="org.xidea.el.test.AutoELTest" name="testPhp[212]" time="0"/>
  <testcase classname="org.xidea.el.test.AutoELTest" name="testJava[212]" time="0"/>
  <testcase classname="org.xidea.el.test.AutoELTest" name="testJS[212]" time="0"/>
  <testcase classname="org.xidea.el.test.AutoELTest" name="testPhp[213]" time="0"/>
  <testcase classname="org.xidea.el.test.AutoELTest" name="testJava[213]" time="0"/>
  <testcase classname="org.xidea.el.test.AutoELTest" name="testJS[213]" time="0"/>
  <testcase classname="org.xidea.el.test.AutoELTest" name="testPhp[214]" time="0"/>
  <testcase classname="org.xidea.el.test.AutoELTest" name="testJava[214]" time="0"/>
  <testcase classname="org.xidea.el.test.AutoELTest" name="testJS[214]" time="0"/>
  <testcase classname="org.xidea.el.test.AutoELTest" name="testPhp[215]" time="0"/>
  <testcase classname="org.xidea.el.test.AutoELTest" name="testJava[215]" time="0"/>
  <testcase classname="org.xidea.el.test.AutoELTest" name="testJS[215]" time="0"/>
  <testcase classname="org.xidea.el.test.AutoELTest" name="testPhp[216]" time="0"/>
  <testcase classname="org.xidea.el.test.AutoELTest" name="testJava[216]" time="0"/>
  <testcase classname="org.xidea.el.test.AutoELTest" name="testJS[216]" time="0"/>
  <testcase classname="org.xidea.el.test.AutoELTest" name="testPhp[217]" time="0"/>
  <testcase classname="org.xidea.el.test.AutoELTest" name="testJava[217]" time="0"/>
  <testcase classname="org.xidea.el.test.AutoELTest" name="testJS[217]" time="0"/>
  <testcase classname="org.xidea.el.test.AutoELTest" name="testPhp[218]" time="0"/>
  <testcase classname="org.xidea.el.test.AutoELTest" name="testJava[218]" time="0"/>
  <testcase classname="org.xidea.el.test.AutoELTest" name="testJS[218]" time="0"/>
  <testcase classname="org.xidea.el.test.AutoELTest" name="testPhp[219]" time="0"/>
  <testcase classname="org.xidea.el.test.AutoELTest" name="testJava[219]" time="0"/>
  <testcase classname="org.xidea.el.test.AutoELTest" name="testJS[219]" time="0"/>
</testsuite>